<?xml version="1.0" encoding="UTF-8"?>
<!-- Generated by org.testng.reporters.JUnitReportReporter -->
<testsuite skipped="0" hostname="EPUALVIW0252" name="homeTask2.GmailPage" tests="1" failures="0" timestamp="08 Jun 2017 08:47:20 GMT" time="7.778" errors="0">
  <testcase name="gmailTest" time="7.778" classname="homeTask2.GmailPage"/>
</testsuite> <!-- homeTask2.GmailPage -->
