<?xml version="1.0" encoding="UTF-8"?>
<!-- Generated by org.testng.reporters.JUnitReportReporter -->
<testsuite skipped="0" hostname="EPUALVIW0252" name="homeTask2.WebDriverGooglePage" tests="1" failures="0" timestamp="07 Jun 2017 12:31:54 GMT" time="5.900" errors="0">
  <testcase name="mainTest" time="5.900" classname="homeTask2.WebDriverGooglePage"/>
</testsuite> <!-- homeTask2.WebDriverGooglePage -->
